<?xml version="1.0" encoding="UTF-8"?>
<!-- Generated by org.testng.reporters.JUnitReportReporter -->
<testsuite name="com.tekarch.app.loginTekApp" tests="2" time="5.900" ignored="0" failures="0" timestamp="16 Mar 2020 21:45:55 GMT" skipped="0" hostname="HANUMA-O6S338O" errors="0">
  <testcase name="To_check_Error_For_Invalid_Login" time="3.467" classname="com.tekarch.app.loginTekApp"/>
  <testcase name="to_Check_Whether_Login_Happening_Or_Not" time="2.433" classname="com.tekarch.app.loginTekApp"/>
</testsuite> <!-- com.tekarch.app.loginTekApp -->
