<?xml version="1.0" encoding="UTF-8"?>
<!-- Generated by org.testng.reporters.JUnitReportReporter -->
<testsuite name="com.tekarch.fileupload.fileupload" tests="1" time="8.825" ignored="0" failures="0" timestamp="18 Feb 2021 00:06:20 GMT" skipped="0" hostname="DESKTOP-SHTR8IB" errors="0">
  <testcase name="To_check_whether_FILEUPLOAD_is_Working_Fine_Or_Not" time="8.825" classname="com.tekarch.fileupload.fileupload"/>
</testsuite> <!-- com.tekarch.fileupload.fileupload -->
