<?xml version="1.0" encoding="UTF-8"?>
<!-- Generated by org.testng.reporters.JUnitReportReporter -->
<testsuite name="com.tekarch.login.loginTekApp" tests="2" time="6.941" ignored="0" failures="0" timestamp="19 Feb 2021 01:42:13 GMT" skipped="0" hostname="DESKTOP-SHTR8IB" errors="0">
  <testcase name="To_check_Error_For_Invalid_Login" time="2.518" classname="com.tekarch.login.loginTekApp"/>
  <testcase name="to_Check_Whether_Login_Happening_Or_Not" time="4.423" classname="com.tekarch.login.loginTekApp"/>
</testsuite> <!-- com.tekarch.login.loginTekApp -->
