<?xml version="1.0" encoding="UTF-8"?>
<!-- Generated by org.testng.reporters.JUnitReportReporter -->
<testsuite name="com.tekarch.widget.widget" tests="1" time="2.649" ignored="0" failures="0" timestamp="19 Feb 2021 01:42:13 GMT" skipped="0" hostname="DESKTOP-SHTR8IB" errors="0">
  <testcase name="To_check_whether_ACCORDIAN_is_Working_Fine_Or_Not" time="2.649" classname="com.tekarch.widget.widget"/>
</testsuite> <!-- com.tekarch.widget.widget -->
