<?xml version="1.0" encoding="UTF-8"?>
<!-- Generated by org.testng.reporters.JUnitReportReporter -->
<testsuite name="com.tekarch.interactions.interactions" tests="1" time="16.014" ignored="0" failures="0" timestamp="19 Feb 2021 00:27:55 GMT" skipped="0" hostname="DESKTOP-SHTR8IB" errors="0">
  <testcase name="To_check_whether_MOUSEHOVER_is_Working_Fine_Or_Not" time="16.014" classname="com.tekarch.interactions.interactions"/>
</testsuite> <!-- com.tekarch.interactions.interactions -->
