<?xml version="1.0" encoding="UTF-8"?>
<!-- Generated by org.testng.reporters.JUnitReportReporter -->
<testsuite name="com.tekarch.login.loginTekApp" tests="2" time="5.984" ignored="0" failures="0" timestamp="16 Oct 2020 20:29:21 GMT" skipped="0" hostname="HANUMA-O6S338O" errors="0">
  <testcase name="To_check_Error_For_Invalid_Login" time="3.380" classname="com.tekarch.login.loginTekApp"/>
  <testcase name="to_Check_Whether_Login_Happening_Or_Not" time="2.604" classname="com.tekarch.login.loginTekApp"/>
</testsuite> <!-- com.tekarch.login.loginTekApp -->
